<?xml version="1.0" encoding="UTF-8"?>
<!-- Generated by org.testng.reporters.JUnitXMLReporter -->
<testsuite ignored="0" hostname="Chhavi-Lenevo-PC" failures="1" tests="1" name="Test" time="6.348" errors="0" timestamp="2023-11-18T17:08:22 IST">
  <testcase classname="script.DemoTest" name="testDemo" time="0.02">
    <failure type="java.lang.AssertionError" message="null">
      <![CDATA[java.lang.AssertionError: null
at script.DemoTest.testDemo(DemoTest.java:17)
at java.base/java.util.ArrayList.forEach(ArrayList.java:1511)
... Removed 27 stack frames]]>
    </failure>
  </testcase> <!-- testDemo -->
</testsuite> <!-- Test -->
