<?xml version="1.0" encoding="UTF-8"?>
<testng-results ignored="0" total="1" passed="1" failed="0" skipped="0">
  <reporter-output>
    <line>
      <![CDATA[Execute in Grid : no]]>
    </line>
    <line>
      <![CDATA[Browse ischrome]]>
    </line>
    <line>
      <![CDATA[Set ITO:7]]>
    </line>
    <line>
      <![CDATA[Enter the URL:http://www.fb.com]]>
    </line>
    <line>
      <![CDATA[Maximize the browser:]]>
    </line>
    <line>
      <![CDATA[Set ETO:6]]>
    </line>
    <line>
      <![CDATA[Rowcount:1]]>
    </line>
    <line>
      <![CDATA[Data:Akshara]]>
    </line>
    <line>
      <![CDATA[test demo...]]>
    </line>
    <line>
      <![CDATA[Close the browser]]>
    </line>
  </reporter-output>
  <suite started-at="2023-11-20T14:29:04 IST" name="Default suite" finished-at="2023-11-20T14:29:12 IST" duration-ms="8040">
    <groups>
    </groups>
    <test started-at="2023-11-20T14:29:04 IST" name="Default test" finished-at="2023-11-20T14:29:12 IST" duration-ms="8040">
      <class name="script.DemoTest">
        <test-method is-config="true" signature="preCondition(java.lang.String,java.lang.String,java.lang.String,java.lang.String,java.lang.String,java.lang.String)[pri:0, instance:script.DemoTest@72967906]" started-at="2023-11-20T14:29:04 IST" name="preCondition" finished-at="2023-11-20T14:29:11 IST" duration-ms="6470" status="PASS">
          <params>
            <param index="0">
              <value>
                <![CDATA[no]]>
              </value>
            </param>
            <param index="1">
              <value>
                <![CDATA[http://localhost:4444]]>
              </value>
            </param>
            <param index="2">
              <value>
                <![CDATA[chrome]]>
              </value>
            </param>
            <param index="3">
              <value>
                <![CDATA[http://www.fb.com]]>
              </value>
            </param>
            <param index="4">
              <value>
                <![CDATA[7]]>
              </value>
            </param>
            <param index="5">
              <value>
                <![CDATA[6]]>
              </value>
            </param>
          </params>
          <reporter-output>
            <line>
              <![CDATA[Execute in Grid : no]]>
            </line>
            <line>
              <![CDATA[Browse ischrome]]>
            </line>
            <line>
              <![CDATA[Set ITO:7]]>
            </line>
            <line>
              <![CDATA[Enter the URL:http://www.fb.com]]>
            </line>
            <line>
              <![CDATA[Maximize the browser:]]>
            </line>
            <line>
              <![CDATA[Set ETO:6]]>
            </line>
          </reporter-output>
        </test-method> <!-- preCondition -->
        <test-method signature="testDemo()[pri:0, instance:script.DemoTest@72967906]" started-at="2023-11-20T14:29:11 IST" name="testDemo" finished-at="2023-11-20T14:29:12 IST" duration-ms="1212" status="PASS">
          <reporter-output>
            <line>
              <![CDATA[Rowcount:1]]>
            </line>
            <line>
              <![CDATA[Data:Akshara]]>
            </line>
            <line>
              <![CDATA[test demo...]]>
            </line>
          </reporter-output>
        </test-method> <!-- testDemo -->
        <test-method is-config="true" signature="postCondition(org.testng.ITestResult)[pri:0, instance:script.DemoTest@72967906]" started-at="2023-11-20T14:29:12 IST" name="postCondition" finished-at="2023-11-20T14:29:12 IST" duration-ms="294" status="PASS">
          <params>
            <param index="0">
              <value>
                <![CDATA[[TestResult name=testDemo status=SUCCESS method=DemoTest.testDemo()[pri:0, instance:script.DemoTest@72967906] output=Rowcount:1]]]>
              </value>
            </param>
          </params>
          <reporter-output>
            <line>
              <![CDATA[Close the browser]]>
            </line>
          </reporter-output>
        </test-method> <!-- postCondition -->
      </class> <!-- script.DemoTest -->
    </test> <!-- Default test -->
  </suite> <!-- Default suite -->
</testng-results>
